2025-07-25 13:37:52,780 DEBUG    root            Loaded Command Group: ['gcloud', 'components']
2025-07-25 13:37:52,782 DEBUG    root            Loaded Command Group: ['gcloud', 'components', 'update']
2025-07-25 13:37:52,784 DEBUG    root            Running [gcloud.components.update] with arguments: [--quiet: "True", COMPONENT-IDS:8: "['gcloud', 'core', 'bq', 'gsutil', 'compute', 'preview', 'alpha', 'beta']"]
2025-07-25 13:37:52,785 INFO     ___FILE_ONLY___ Beginning update. This process may take several minutes.

2025-07-25 13:37:52,794 DEBUG    urllib3.connectionpool Starting new HTTPS connection (1): dl.google.com:443
2025-07-25 13:37:52,921 DEBUG    urllib3.connectionpool https://dl.google.com:443 "GET /dl/cloudsdk/channels/rapid/components-2.json HTTP/11" 200 239806
2025-07-25 13:37:52,935 WARNING  root            Component [compute] no longer exists.
2025-07-25 13:37:52,936 INFO     ___FILE_ONLY___ 

2025-07-25 13:37:52,936 INFO     ___FILE_ONLY___ 
Your current Google Cloud CLI version is: 531.0.0

2025-07-25 13:37:52,936 INFO     ___FILE_ONLY___ Installing components from version: 531.0.0

2025-07-25 13:37:52,936 INFO     ___FILE_ONLY___ 

2025-07-25 13:37:52,936 DEBUG    root            Chosen display Format:table[box,title="These components will be removed."](details.display_name:label=Name:align=left,version.version_string:label=Version:align=right,data.size.size(zero="",min=1048576):label=Size:align=right)
2025-07-25 13:37:52,937 DEBUG    root            Chosen display Format:table[box,title="These components will be updated."](details.display_name:label=Name:align=left,version.version_string:label=Version:align=right,data.size.size(zero="",min=1048576):label=Size:align=right)
2025-07-25 13:37:52,937 DEBUG    root            Chosen display Format:table[box,title="These components will be installed."](details.display_name:label=Name:align=left,version.version_string:label=Version:align=right,data.size.size(zero="",min=1048576):label=Size:align=right)
2025-07-25 13:37:52,951 INFO     ___FILE_ONLY___ ┌────────────────────────────────────────────────┐
2025-07-25 13:37:52,951 INFO     ___FILE_ONLY___ 

2025-07-25 13:37:52,951 INFO     ___FILE_ONLY___ │      These components will be installed.       │
2025-07-25 13:37:52,951 INFO     ___FILE_ONLY___ 

2025-07-25 13:37:52,951 INFO     ___FILE_ONLY___ ├─────────────────────────┬────────────┬─────────┤
2025-07-25 13:37:52,951 INFO     ___FILE_ONLY___ 

2025-07-25 13:37:52,951 INFO     ___FILE_ONLY___ │           Name          │  Version   │   Size  │
2025-07-25 13:37:52,951 INFO     ___FILE_ONLY___ 

2025-07-25 13:37:52,951 INFO     ___FILE_ONLY___ ├─────────────────────────┼────────────┼─────────┤
2025-07-25 13:37:52,951 INFO     ___FILE_ONLY___ 

2025-07-25 13:37:52,951 INFO     ___FILE_ONLY___ │ 
2025-07-25 13:37:52,951 INFO     ___FILE_ONLY___ gcloud Alpha Commands  
2025-07-25 13:37:52,951 INFO     ___FILE_ONLY___  
2025-07-25 13:37:52,952 INFO     ___FILE_ONLY___ │ 
2025-07-25 13:37:52,952 INFO     ___FILE_ONLY___ 2025.07.18
2025-07-25 13:37:52,952 INFO     ___FILE_ONLY___  
2025-07-25 13:37:52,952 INFO     ___FILE_ONLY___ │ 
2025-07-25 13:37:52,952 INFO     ___FILE_ONLY___ < 1 MiB
2025-07-25 13:37:52,952 INFO     ___FILE_ONLY___  
2025-07-25 13:37:52,952 INFO     ___FILE_ONLY___ │
2025-07-25 13:37:52,952 INFO     ___FILE_ONLY___ 

2025-07-25 13:37:52,952 INFO     ___FILE_ONLY___ │ 
2025-07-25 13:37:52,952 INFO     ___FILE_ONLY___ gcloud Beta Commands   
2025-07-25 13:37:52,952 INFO     ___FILE_ONLY___  
2025-07-25 13:37:52,952 INFO     ___FILE_ONLY___ │ 
2025-07-25 13:37:52,952 INFO     ___FILE_ONLY___ 2025.07.18
2025-07-25 13:37:52,952 INFO     ___FILE_ONLY___  
2025-07-25 13:37:52,952 INFO     ___FILE_ONLY___ │ 
2025-07-25 13:37:52,952 INFO     ___FILE_ONLY___ < 1 MiB
2025-07-25 13:37:52,952 INFO     ___FILE_ONLY___  
2025-07-25 13:37:52,952 INFO     ___FILE_ONLY___ │
2025-07-25 13:37:52,952 INFO     ___FILE_ONLY___ 

2025-07-25 13:37:52,952 INFO     ___FILE_ONLY___ │ 
2025-07-25 13:37:52,952 INFO     ___FILE_ONLY___ gcloud Preview Commands
2025-07-25 13:37:52,953 INFO     ___FILE_ONLY___  
2025-07-25 13:37:52,953 INFO     ___FILE_ONLY___ │ 
2025-07-25 13:37:52,953 INFO     ___FILE_ONLY___           
2025-07-25 13:37:52,953 INFO     ___FILE_ONLY___  
2025-07-25 13:37:52,953 INFO     ___FILE_ONLY___ │ 
2025-07-25 13:37:52,953 INFO     ___FILE_ONLY___ < 1 MiB
2025-07-25 13:37:52,953 INFO     ___FILE_ONLY___  
2025-07-25 13:37:52,953 INFO     ___FILE_ONLY___ │
2025-07-25 13:37:52,953 INFO     ___FILE_ONLY___ 

2025-07-25 13:37:52,953 INFO     ___FILE_ONLY___ └─────────────────────────┴────────────┴─────────┘
2025-07-25 13:37:52,953 INFO     ___FILE_ONLY___ 

2025-07-25 13:37:52,953 INFO     ___FILE_ONLY___ 

2025-07-25 13:37:52,956 DEBUG    urllib3.connectionpool Starting new HTTPS connection (1): dl.google.com:443
2025-07-25 13:37:53,188 DEBUG    urllib3.connectionpool https://dl.google.com:443 "GET /dl/cloudsdk/channels/rapid/RELEASE_NOTES HTTP/11" 200 1455233
2025-07-25 13:37:53,658 INFO     ___FILE_ONLY___ For the latest full release notes, please visit:
  https://cloud.google.com/sdk/release_notes


2025-07-25 13:37:53,658 INFO     ___FILE_ONLY___ Performing in place update...


2025-07-25 13:37:53,660 INFO     ___FILE_ONLY___ ╔════════════════════════════════════════════════════════════╗

2025-07-25 13:37:53,660 INFO     ___FILE_ONLY___ ╠═ Downloading: gcloud Alpha Commands                       ═╣

2025-07-25 13:37:53,661 INFO     ___FILE_ONLY___ ╚
2025-07-25 13:37:53,664 DEBUG    urllib3.connectionpool Starting new HTTPS connection (1): dl.google.com:443
2025-07-25 13:37:53,962 DEBUG    urllib3.connectionpool https://dl.google.com:443 "GET /dl/cloudsdk/channels/rapid/components/google-cloud-sdk-alpha-20250718154810.tar.gz HTTP/11" 200 800
2025-07-25 13:37:53,962 INFO     ___FILE_ONLY___ ════════════════════════════════════════════════════════════
2025-07-25 13:37:53,963 INFO     ___FILE_ONLY___ ╝

2025-07-25 13:37:53,965 INFO     ___FILE_ONLY___ ╔════════════════════════════════════════════════════════════╗

2025-07-25 13:37:53,965 INFO     ___FILE_ONLY___ ╠═ Downloading: gcloud Beta Commands                        ═╣

2025-07-25 13:37:53,965 INFO     ___FILE_ONLY___ ╚
2025-07-25 13:37:53,968 DEBUG    urllib3.connectionpool Starting new HTTPS connection (1): dl.google.com:443
2025-07-25 13:37:54,199 DEBUG    urllib3.connectionpool https://dl.google.com:443 "GET /dl/cloudsdk/channels/rapid/components/google-cloud-sdk-beta-20250718154810.tar.gz HTTP/11" 200 797
2025-07-25 13:37:54,199 INFO     ___FILE_ONLY___ ════════════════════════════════════════════════════════════
2025-07-25 13:37:54,200 INFO     ___FILE_ONLY___ ╝

2025-07-25 13:37:54,202 INFO     ___FILE_ONLY___ ╔════════════════════════════════════════════════════════════╗

2025-07-25 13:37:54,202 INFO     ___FILE_ONLY___ ╠═ Downloading: gcloud Preview Commands                     ═╣

2025-07-25 13:37:54,202 INFO     ___FILE_ONLY___ ╚
2025-07-25 13:37:54,205 DEBUG    urllib3.connectionpool Starting new HTTPS connection (1): dl.google.com:443
2025-07-25 13:37:54,443 DEBUG    urllib3.connectionpool https://dl.google.com:443 "GET /dl/cloudsdk/channels/rapid/components/google-cloud-sdk-preview-20241115154308.tar.gz HTTP/11" 200 823
2025-07-25 13:37:54,444 INFO     ___FILE_ONLY___ ════════════════════════════════════════════════════════════
2025-07-25 13:37:54,444 INFO     ___FILE_ONLY___ ╝

2025-07-25 13:37:54,446 INFO     ___FILE_ONLY___ ╔════════════════════════════════════════════════════════════╗

2025-07-25 13:37:54,446 INFO     ___FILE_ONLY___ ╠═ Installing: gcloud Alpha Commands                        ═╣

2025-07-25 13:37:54,446 INFO     ___FILE_ONLY___ ╚
2025-07-25 13:37:54,447 INFO     ___FILE_ONLY___ ════════════════════════════════════════════════════════════
2025-07-25 13:37:54,447 INFO     ___FILE_ONLY___ ╝

2025-07-25 13:37:54,453 INFO     ___FILE_ONLY___ ╔════════════════════════════════════════════════════════════╗

2025-07-25 13:37:54,453 INFO     ___FILE_ONLY___ ╠═ Installing: gcloud Beta Commands                         ═╣

2025-07-25 13:37:54,453 INFO     ___FILE_ONLY___ ╚
2025-07-25 13:37:54,454 INFO     ___FILE_ONLY___ ════════════════════════════════════════════════════════════
2025-07-25 13:37:54,454 INFO     ___FILE_ONLY___ ╝

2025-07-25 13:37:54,458 INFO     ___FILE_ONLY___ ╔════════════════════════════════════════════════════════════╗

2025-07-25 13:37:54,458 INFO     ___FILE_ONLY___ ╠═ Installing: gcloud Preview Commands                      ═╣

2025-07-25 13:37:54,458 INFO     ___FILE_ONLY___ ╚
2025-07-25 13:37:54,458 INFO     ___FILE_ONLY___ ════════════════════════════════════════════════════════════
2025-07-25 13:37:54,459 INFO     ___FILE_ONLY___ ╝

2025-07-25 13:37:54,463 DEBUG    root            Updating notification cache...
2025-07-25 13:37:54,464 INFO     ___FILE_ONLY___ 

2025-07-25 13:37:54,465 INFO     ___FILE_ONLY___ Performing post processing steps...
2025-07-25 13:37:54,466 DEBUG    root            Executing command: ['/tools/google-cloud-sdk/bin/gcloud', 'components', 'post-process']
2025-07-25 13:38:02,573 DEBUG    ___FILE_ONLY___ 
2025-07-25 13:38:02,573 DEBUG    ___FILE_ONLY___ 
2025-07-25 13:38:02,736 INFO     root            descriptor_list: [{'universeDomain': 'googleapis.com', 'universeShortName': '', 'authenticationDomain': 'auth.cloud.google.com', 'projectPrefix': '', 'cloudWebDomain': 'cloud.google.com', 'documentationDomain': 'cloud.google.com', 'version': '1.0.0', 'state': 'primary', 'artifactRegistryDomain': 'pkg.dev'}]
2025-07-25 13:38:02,737 INFO     ___FILE_ONLY___ 
Update done!


2025-07-25 13:38:02,739 DEBUG    root            Chosen display Format:none
2025-07-25 13:38:02,739 INFO     root            Display format: "none"
